[0.008s] Invoking command in '/home/eid/ws_gazebo/src/build/gazebo_ros2_control_demos': AMENT_PREFIX_PATH=/home/eid/ws_gazebo/src/install/gazebo_ros2_control:${AMENT_PREFIX_PATH} CMAKE_PREFIX_PATH=/home/eid/ws_gazebo/src/install/gazebo_ros2_control:/opt/ros/humble LD_LIBRARY_PATH=/home/eid/ws_gazebo/src/install/gazebo_ros2_control/lib:${LD_LIBRARY_PATH} /usr/bin/cmake /home/eid/ws_gazebo/src/gazebo_ros2_control/gazebo_ros2_control_demos -DCMAKE_INSTALL_PREFIX=/home/eid/ws_gazebo/src/install/gazebo_ros2_control_demos
[0.019s] -- Found ament_cmake: 1.3.8 (/opt/ros/humble/share/ament_cmake/cmake)
[0.126s] -- Override CMake install command with custom implementation using symlinks instead of copying resources
[0.132s] -- Found control_msgs: 4.4.0 (/opt/ros/humble/share/control_msgs/cmake)
[0.157s] -- Found rosidl_generator_c: 3.1.5 (/opt/ros/humble/share/rosidl_generator_c/cmake)
[0.159s] -- Found rosidl_adapter: 3.1.5 (/opt/ros/humble/share/rosidl_adapter/cmake)
[0.165s] -- Found rosidl_generator_cpp: 3.1.5 (/opt/ros/humble/share/rosidl_generator_cpp/cmake)
[0.176s] -- Using all available rosidl_typesupport_c: rosidl_typesupport_fastrtps_c;rosidl_typesupport_introspection_c
[0.191s] -- Using all available rosidl_typesupport_cpp: rosidl_typesupport_fastrtps_cpp;rosidl_typesupport_introspection_cpp
[0.722s] -- Found rclcpp: 16.0.8 (/opt/ros/humble/share/rclcpp/cmake)
[0.766s] -- Found rmw_implementation_cmake: 6.1.1 (/opt/ros/humble/share/rmw_implementation_cmake/cmake)
[0.768s] -- Found rmw_fastrtps_cpp: 6.2.6 (/opt/ros/humble/share/rmw_fastrtps_cpp/cmake)
[0.883s] -- Using RMW implementation 'rmw_fastrtps_cpp' as default
[1.007s] -- Found rclcpp_action: 16.0.8 (/opt/ros/humble/share/rclcpp_action/cmake)
[1.039s] -- Found ament_cmake_gtest: 1.3.8 (/opt/ros/humble/share/ament_cmake_gtest/cmake)
[1.039s] -- Found ament_lint_auto: 0.12.10 (/opt/ros/humble/share/ament_lint_auto/cmake)
[1.113s] -- Added test 'copyright' to check source files copyright and LICENSE
[1.115s] -- Added test 'cppcheck' to perform static code analysis on C / C++ code
[1.115s] -- Configured cppcheck include dirs: 
[1.115s] -- Configured cppcheck exclude dirs and/or files: 
[1.117s] -- Added test 'cpplint' to check C / C++ code against the Google style
[1.117s] -- Configured cpplint exclude dirs and/or files: 
[1.117s] -- Added test 'flake8' to check Python code syntax and style conventions
[1.118s] -- Added test 'lint_cmake' to check CMake code style
[1.118s] -- Added test 'pep257' to check Python code against some of the docstring style conventions in PEP 257
[1.120s] -- Added test 'uncrustify' to check C / C++ code style
[1.120s] -- Configured uncrustify additional arguments: 
[1.120s] -- Added test 'xmllint' to check XML markup files
[1.121s] -- Configuring done
[1.145s] -- Generating done
[1.147s] -- Build files have been written to: /home/eid/ws_gazebo/src/build/gazebo_ros2_control_demos
[1.154s] Invoked command in '/home/eid/ws_gazebo/src/build/gazebo_ros2_control_demos' returned '0': AMENT_PREFIX_PATH=/home/eid/ws_gazebo/src/install/gazebo_ros2_control:${AMENT_PREFIX_PATH} CMAKE_PREFIX_PATH=/home/eid/ws_gazebo/src/install/gazebo_ros2_control:/opt/ros/humble LD_LIBRARY_PATH=/home/eid/ws_gazebo/src/install/gazebo_ros2_control/lib:${LD_LIBRARY_PATH} /usr/bin/cmake /home/eid/ws_gazebo/src/gazebo_ros2_control/gazebo_ros2_control_demos -DCMAKE_INSTALL_PREFIX=/home/eid/ws_gazebo/src/install/gazebo_ros2_control_demos
[1.156s] Invoking command in '/home/eid/ws_gazebo/src/build/gazebo_ros2_control_demos': AMENT_PREFIX_PATH=/home/eid/ws_gazebo/src/install/gazebo_ros2_control:${AMENT_PREFIX_PATH} CMAKE_PREFIX_PATH=/home/eid/ws_gazebo/src/install/gazebo_ros2_control:/opt/ros/humble LD_LIBRARY_PATH=/home/eid/ws_gazebo/src/install/gazebo_ros2_control/lib:${LD_LIBRARY_PATH} /usr/bin/cmake --build /home/eid/ws_gazebo/src/build/gazebo_ros2_control_demos -- -j8 -l8
[1.194s] [35m[1mConsolidate compiler generated dependencies of target example_position[0m
[1.194s] [35m[1mConsolidate compiler generated dependencies of target example_effort[0m
[1.196s] [35m[1mConsolidate compiler generated dependencies of target example_velocity[0m
[1.197s] [35m[1mConsolidate compiler generated dependencies of target example_gripper[0m
[1.197s] [35m[1mConsolidate compiler generated dependencies of target example_diff_drive[0m
[1.198s] [35m[1mConsolidate compiler generated dependencies of target example_tricycle_drive[0m
[1.214s] [ 16%] Built target example_effort
[1.214s] [ 33%] Built target example_position
[1.218s] [ 50%] Built target example_velocity
[1.219s] [ 66%] Built target example_diff_drive
[1.219s] [ 91%] Built target example_gripper
[1.219s] [100%] Built target example_tricycle_drive
[1.231s] Invoked command in '/home/eid/ws_gazebo/src/build/gazebo_ros2_control_demos' returned '0': AMENT_PREFIX_PATH=/home/eid/ws_gazebo/src/install/gazebo_ros2_control:${AMENT_PREFIX_PATH} CMAKE_PREFIX_PATH=/home/eid/ws_gazebo/src/install/gazebo_ros2_control:/opt/ros/humble LD_LIBRARY_PATH=/home/eid/ws_gazebo/src/install/gazebo_ros2_control/lib:${LD_LIBRARY_PATH} /usr/bin/cmake --build /home/eid/ws_gazebo/src/build/gazebo_ros2_control_demos -- -j8 -l8
[1.265s] Invoking command in '/home/eid/ws_gazebo/src/build/gazebo_ros2_control_demos': AMENT_PREFIX_PATH=/home/eid/ws_gazebo/src/install/gazebo_ros2_control:${AMENT_PREFIX_PATH} CMAKE_PREFIX_PATH=/home/eid/ws_gazebo/src/install/gazebo_ros2_control:/opt/ros/humble LD_LIBRARY_PATH=/home/eid/ws_gazebo/src/install/gazebo_ros2_control/lib:${LD_LIBRARY_PATH} /usr/bin/cmake --install /home/eid/ws_gazebo/src/build/gazebo_ros2_control_demos
[1.271s] -- Install configuration: ""
[1.272s] -- Execute custom install script
[1.272s] -- Up-to-date symlink: /home/eid/ws_gazebo/src/install/gazebo_ros2_control_demos/share/gazebo_ros2_control_demos//launch/cart_example_effort.launch.py
[1.272s] -- Up-to-date symlink: /home/eid/ws_gazebo/src/install/gazebo_ros2_control_demos/share/gazebo_ros2_control_demos//launch/cart_example_position.launch.py
[1.273s] -- Up-to-date symlink: /home/eid/ws_gazebo/src/install/gazebo_ros2_control_demos/share/gazebo_ros2_control_demos//launch/cart_example_velocity.launch.py
[1.273s] -- Up-to-date symlink: /home/eid/ws_gazebo/src/install/gazebo_ros2_control_demos/share/gazebo_ros2_control_demos//launch/diff_drive.launch.py
[1.273s] -- Up-to-date symlink: /home/eid/ws_gazebo/src/install/gazebo_ros2_control_demos/share/gazebo_ros2_control_demos//launch/gripper_mimic_joint_example.launch.py
[1.273s] -- Up-to-date symlink: /home/eid/ws_gazebo/src/install/gazebo_ros2_control_demos/share/gazebo_ros2_control_demos//launch/tricycle_drive.launch.py
[1.273s] -- Up-to-date symlink: /home/eid/ws_gazebo/src/install/gazebo_ros2_control_demos/share/gazebo_ros2_control_demos//config/cart_controller.yaml
[1.273s] -- Up-to-date symlink: /home/eid/ws_gazebo/src/install/gazebo_ros2_control_demos/share/gazebo_ros2_control_demos//config/cart_controller_effort.yaml
[1.273s] -- Up-to-date symlink: /home/eid/ws_gazebo/src/install/gazebo_ros2_control_demos/share/gazebo_ros2_control_demos//config/cart_controller_velocity.yaml
[1.273s] -- Up-to-date symlink: /home/eid/ws_gazebo/src/install/gazebo_ros2_control_demos/share/gazebo_ros2_control_demos//config/config.rviz
[1.273s] -- Up-to-date symlink: /home/eid/ws_gazebo/src/install/gazebo_ros2_control_demos/share/gazebo_ros2_control_demos//config/diff_drive_controller.yaml
[1.274s] -- Up-to-date symlink: /home/eid/ws_gazebo/src/install/gazebo_ros2_control_demos/share/gazebo_ros2_control_demos//config/gripper_controller.yaml
[1.274s] -- Up-to-date symlink: /home/eid/ws_gazebo/src/install/gazebo_ros2_control_demos/share/gazebo_ros2_control_demos//config/tricycle_drive_controller.yaml
[1.274s] -- Up-to-date symlink: /home/eid/ws_gazebo/src/install/gazebo_ros2_control_demos/share/gazebo_ros2_control_demos//urdf/test_cart_effort.xacro.urdf
[1.274s] -- Up-to-date symlink: /home/eid/ws_gazebo/src/install/gazebo_ros2_control_demos/share/gazebo_ros2_control_demos//urdf/test_cart_position.xacro.urdf
[1.274s] -- Up-to-date symlink: /home/eid/ws_gazebo/src/install/gazebo_ros2_control_demos/share/gazebo_ros2_control_demos//urdf/test_cart_velocity.xacro.urdf
[1.274s] -- Up-to-date symlink: /home/eid/ws_gazebo/src/install/gazebo_ros2_control_demos/share/gazebo_ros2_control_demos//urdf/test_diff_drive.xacro.urdf
[1.274s] -- Up-to-date symlink: /home/eid/ws_gazebo/src/install/gazebo_ros2_control_demos/share/gazebo_ros2_control_demos//urdf/test_gripper_mimic_joint.xacro.urdf
[1.274s] -- Up-to-date symlink: /home/eid/ws_gazebo/src/install/gazebo_ros2_control_demos/share/gazebo_ros2_control_demos//urdf/test_tricycle_drive.xacro.urdf
[1.275s] -- Up-to-date symlink: /home/eid/ws_gazebo/src/install/gazebo_ros2_control_demos/lib/gazebo_ros2_control_demos/example_position
[1.275s] -- Up-to-date symlink: /home/eid/ws_gazebo/src/install/gazebo_ros2_control_demos/lib/gazebo_ros2_control_demos/example_velocity
[1.275s] -- Up-to-date symlink: /home/eid/ws_gazebo/src/install/gazebo_ros2_control_demos/lib/gazebo_ros2_control_demos/example_effort
[1.275s] -- Up-to-date symlink: /home/eid/ws_gazebo/src/install/gazebo_ros2_control_demos/lib/gazebo_ros2_control_demos/example_diff_drive
[1.275s] -- Up-to-date symlink: /home/eid/ws_gazebo/src/install/gazebo_ros2_control_demos/lib/gazebo_ros2_control_demos/example_tricycle_drive
[1.275s] -- Up-to-date symlink: /home/eid/ws_gazebo/src/install/gazebo_ros2_control_demos/lib/gazebo_ros2_control_demos/example_gripper
[1.276s] -- Up-to-date symlink: /home/eid/ws_gazebo/src/install/gazebo_ros2_control_demos/share/ament_index/resource_index/package_run_dependencies/gazebo_ros2_control_demos
[1.276s] -- Up-to-date symlink: /home/eid/ws_gazebo/src/install/gazebo_ros2_control_demos/share/ament_index/resource_index/parent_prefix_path/gazebo_ros2_control_demos
[1.276s] -- Up-to-date symlink: /home/eid/ws_gazebo/src/install/gazebo_ros2_control_demos/share/gazebo_ros2_control_demos/environment/ament_prefix_path.sh
[1.276s] -- Up-to-date symlink: /home/eid/ws_gazebo/src/install/gazebo_ros2_control_demos/share/gazebo_ros2_control_demos/environment/ament_prefix_path.dsv
[1.276s] -- Up-to-date symlink: /home/eid/ws_gazebo/src/install/gazebo_ros2_control_demos/share/gazebo_ros2_control_demos/environment/path.sh
[1.276s] -- Up-to-date symlink: /home/eid/ws_gazebo/src/install/gazebo_ros2_control_demos/share/gazebo_ros2_control_demos/environment/path.dsv
[1.277s] -- Up-to-date symlink: /home/eid/ws_gazebo/src/install/gazebo_ros2_control_demos/share/gazebo_ros2_control_demos/local_setup.bash
[1.277s] -- Up-to-date symlink: /home/eid/ws_gazebo/src/install/gazebo_ros2_control_demos/share/gazebo_ros2_control_demos/local_setup.sh
[1.277s] -- Up-to-date symlink: /home/eid/ws_gazebo/src/install/gazebo_ros2_control_demos/share/gazebo_ros2_control_demos/local_setup.zsh
[1.277s] -- Up-to-date symlink: /home/eid/ws_gazebo/src/install/gazebo_ros2_control_demos/share/gazebo_ros2_control_demos/local_setup.dsv
[1.277s] -- Symlinking: /home/eid/ws_gazebo/src/install/gazebo_ros2_control_demos/share/gazebo_ros2_control_demos/package.dsv
[1.286s] -- Up-to-date symlink: /home/eid/ws_gazebo/src/install/gazebo_ros2_control_demos/share/ament_index/resource_index/packages/gazebo_ros2_control_demos
[1.286s] -- Up-to-date symlink: /home/eid/ws_gazebo/src/install/gazebo_ros2_control_demos/share/gazebo_ros2_control_demos/cmake/gazebo_ros2_control_demosConfig.cmake
[1.286s] -- Up-to-date symlink: /home/eid/ws_gazebo/src/install/gazebo_ros2_control_demos/share/gazebo_ros2_control_demos/cmake/gazebo_ros2_control_demosConfig-version.cmake
[1.286s] -- Up-to-date symlink: /home/eid/ws_gazebo/src/install/gazebo_ros2_control_demos/share/gazebo_ros2_control_demos/package.xml
[1.288s] Invoked command in '/home/eid/ws_gazebo/src/build/gazebo_ros2_control_demos' returned '0': AMENT_PREFIX_PATH=/home/eid/ws_gazebo/src/install/gazebo_ros2_control:${AMENT_PREFIX_PATH} CMAKE_PREFIX_PATH=/home/eid/ws_gazebo/src/install/gazebo_ros2_control:/opt/ros/humble LD_LIBRARY_PATH=/home/eid/ws_gazebo/src/install/gazebo_ros2_control/lib:${LD_LIBRARY_PATH} /usr/bin/cmake --install /home/eid/ws_gazebo/src/build/gazebo_ros2_control_demos
