[0.024s] Invoking command in '/home/eid/ws_gazebo/src/build/gazebo_ros2_control': CMAKE_PREFIX_PATH=${CMAKE_PREFIX_PATH}:/home/eid/ws_gazebo/src/install/serial_motor_demo:/opt/ros/humble /usr/bin/cmake --build /home/eid/ws_gazebo/src/build/gazebo_ros2_control -- -j8 -l8
[0.057s] -- Found ament_cmake: 1.3.8 (/opt/ros/humble/share/ament_cmake/cmake)
[0.216s] -- Override CMake install command with custom implementation using symlinks instead of copying resources
[0.225s] -- Found angles: 1.15.0 (/opt/ros/humble/share/angles/cmake)
[0.226s] -- Found controller_manager: 2.40.0 (/opt/ros/humble/share/controller_manager/cmake)
[0.259s] -- Found rosidl_generator_c: 3.1.5 (/opt/ros/humble/share/rosidl_generator_c/cmake)
[0.262s] -- Found rosidl_adapter: 3.1.5 (/opt/ros/humble/share/rosidl_adapter/cmake)
[0.269s] -- Found rosidl_generator_cpp: 3.1.5 (/opt/ros/humble/share/rosidl_generator_cpp/cmake)
[0.281s] -- Using all available rosidl_typesupport_c: rosidl_typesupport_fastrtps_c;rosidl_typesupport_introspection_c
[0.298s] -- Using all available rosidl_typesupport_cpp: rosidl_typesupport_fastrtps_cpp;rosidl_typesupport_introspection_cpp
[0.957s] -- Found rmw_implementation_cmake: 6.1.1 (/opt/ros/humble/share/rmw_implementation_cmake/cmake)
[0.959s] -- Found rmw_fastrtps_cpp: 6.2.6 (/opt/ros/humble/share/rmw_fastrtps_cpp/cmake)
[0.992s] -- Found TinyXML2 via Config file: TinyXML2_DIR-NOTFOUND
[1.001s] -- Found TinyXML2 via Config file: TinyXML2_DIR-NOTFOUND
[1.023s] -- Found TinyXML2 via Config file: TinyXML2_DIR-NOTFOUND
[1.032s] -- Found TinyXML2 via Config file: TinyXML2_DIR-NOTFOUND
[1.043s] -- Using RMW implementation 'rmw_fastrtps_cpp' as default
[1.667s] -- Found gazebo_dev: 3.7.0 (/opt/ros/humble/share/gazebo_dev/cmake)
[1.695s] -- Found DART: /usr/include (Required is at least version "6.6") found components: dart 
[1.722s] -- Found Protobuf: /usr/lib/x86_64-linux-gnu/libprotobuf.so (found version "3.12.4") 
[1.723s] -- Looking for ignition-math6 -- found version 6.15.1
[1.727s] -- Searching for dependencies of ignition-math6
[1.728s] -- Looking for OGRE...
[1.734s] -- Found Ogre Ghadamon (1.9.0)
[1.735s] -- Found OGRE: optimized;/usr/lib/x86_64-linux-gnu/libOgreMain.so;debug;/usr/lib/x86_64-linux-gnu/libOgreMain.so
[1.745s] -- Looking for OGRE_Paging...
[1.745s] -- Found OGRE_Paging: optimized;/usr/lib/x86_64-linux-gnu/libOgrePaging.so;debug;/usr/lib/x86_64-linux-gnu/libOgrePaging.so
[1.745s] -- Looking for OGRE_Terrain...
[1.745s] -- Found OGRE_Terrain: optimized;/usr/lib/x86_64-linux-gnu/libOgreTerrain.so;debug;/usr/lib/x86_64-linux-gnu/libOgreTerrain.so
[1.745s] -- Looking for OGRE_Property...
[1.745s] -- Found OGRE_Property: optimized;/usr/lib/x86_64-linux-gnu/libOgreProperty.so;debug;/usr/lib/x86_64-linux-gnu/libOgreProperty.so
[1.745s] -- Looking for OGRE_RTShaderSystem...
[1.745s] -- Found OGRE_RTShaderSystem: optimized;/usr/lib/x86_64-linux-gnu/libOgreRTShaderSystem.so;debug;/usr/lib/x86_64-linux-gnu/libOgreRTShaderSystem.so
[1.745s] -- Looking for OGRE_Volume...
[1.746s] -- Found OGRE_Volume: optimized;/usr/lib/x86_64-linux-gnu/libOgreVolume.so;debug;/usr/lib/x86_64-linux-gnu/libOgreVolume.so
[1.746s] -- Looking for OGRE_Overlay...
[1.746s] -- Found OGRE_Overlay: optimized;/usr/lib/x86_64-linux-gnu/libOgreOverlay.so;debug;/usr/lib/x86_64-linux-gnu/libOgreOverlay.so
[1.865s] -- Looking for ignition-math6 -- found version 6.15.1
[1.866s] -- Looking for ignition-transport8 -- found version 8.2.1
[1.866s] -- Searching for dependencies of ignition-transport8
[1.885s] -- Found Protobuf: /usr/lib/x86_64-linux-gnu/libprotobuf.so (found suitable version "3.12.4", minimum required is "3") 
[1.897s] -- Config-file not installed for ZeroMQ -- checking for pkg-config
[1.902s] -- Checking for module 'libzmq >= 4'
[1.915s] --   Found libzmq , version 4.3.4
[1.954s] -- Checking for module 'uuid'
[1.966s] --   Found uuid, version 2.37.2
[1.995s] -- Looking for ignition-msgs5 -- found version 5.8.1
[1.996s] -- Searching for dependencies of ignition-msgs5
[2.016s] -- Looking for ignition-math6 -- found version 6.15.1
[2.023s] -- Looking for ignition-msgs5 -- found version 5.8.1
[2.024s] -- Looking for ignition-common3 -- found version 3.14.0
[2.024s] -- Searching for dependencies of ignition-common3
[2.024s] -- Looking for dlfcn.h - found
[2.025s] -- Looking for libdl - found
[2.036s] -- Searching for <ignition-common3> component [graphics]
[2.036s] -- Looking for ignition-common3-graphics -- found version 3.14.0
[2.037s] -- Searching for dependencies of ignition-common3-graphics
[2.037s] -- Looking for ignition-math6 -- found version 6.15.1
[2.038s] -- Looking for ignition-fuel_tools4 -- found version 4.4.0
[2.039s] -- Searching for dependencies of ignition-fuel_tools4
[2.078s] -- Checking for module 'jsoncpp'
[2.091s] --   Found jsoncpp, version 1.9.5
[2.127s] -- Checking for module 'libzip'
[2.141s] --   Found libzip, version 1.7.3
[2.172s] -- Looking for ignition-common3 -- found version 3.14.0
[2.172s] -- Looking for ignition-math6 -- found version 6.15.1
[2.173s] -- Looking for ignition-msgs5 -- found version 5.8.1
[2.174s] -- Gazebo version: 11.10
[2.175s] -- Found gazebo_ros: 3.7.0 (/opt/ros/humble/share/gazebo_ros/cmake)
[2.184s] -- Found yaml_cpp_vendor: 8.0.2 (/opt/ros/humble/share/yaml_cpp_vendor/cmake)
[2.866s] -- Found ament_cmake_gtest: 1.3.8 (/opt/ros/humble/share/ament_cmake_gtest/cmake)
[2.867s] -- Found ament_lint_auto: 0.12.10 (/opt/ros/humble/share/ament_lint_auto/cmake)
[2.943s] -- Added test 'copyright' to check source files copyright and LICENSE
[2.944s] -- Added test 'cppcheck' to perform static code analysis on C / C++ code
[2.945s] -- Configured cppcheck include dirs: /home/eid/ws_gazebo/src/gazebo_ros2_control/gazebo_ros2_control/include
[2.945s] -- Configured cppcheck exclude dirs and/or files: 
[2.946s] -- Added test 'cpplint' to check C / C++ code against the Google style
[2.946s] -- Configured cpplint exclude dirs and/or files: 
[2.947s] -- Added test 'lint_cmake' to check CMake code style
[2.948s] -- Added test 'uncrustify' to check C / C++ code style
[2.948s] -- Configured uncrustify additional arguments: 
[2.948s] -- Added test 'xmllint' to check XML markup files
[2.950s] -- Configuring done
[3.034s] -- Generating done
[3.038s] -- Build files have been written to: /home/eid/ws_gazebo/src/build/gazebo_ros2_control
[3.071s] [35m[1mConsolidate compiler generated dependencies of target gazebo_hardware_plugins[0m
[3.071s] [35m[1mConsolidate compiler generated dependencies of target gazebo_ros2_control[0m
[3.111s] [ 25%] [32mBuilding CXX object CMakeFiles/gazebo_ros2_control.dir/src/gazebo_ros2_control_plugin.cpp.o[0m
[3.116s] [ 50%] [32mBuilding CXX object CMakeFiles/gazebo_hardware_plugins.dir/src/gazebo_system.cpp.o[0m
[17.024s] [ 75%] [32m[1mLinking CXX shared library libgazebo_hardware_plugins.so[0m
[17.656s] [ 75%] Built target gazebo_hardware_plugins
[18.943s] [100%] [32m[1mLinking CXX shared library libgazebo_ros2_control.so[0m
[19.686s] [100%] Built target gazebo_ros2_control
[19.698s] Invoked command in '/home/eid/ws_gazebo/src/build/gazebo_ros2_control' returned '0': CMAKE_PREFIX_PATH=${CMAKE_PREFIX_PATH}:/home/eid/ws_gazebo/src/install/serial_motor_demo:/opt/ros/humble /usr/bin/cmake --build /home/eid/ws_gazebo/src/build/gazebo_ros2_control -- -j8 -l8
[19.732s] Invoking command in '/home/eid/ws_gazebo/src/build/gazebo_ros2_control': CMAKE_PREFIX_PATH=${CMAKE_PREFIX_PATH}:/home/eid/ws_gazebo/src/install/serial_motor_demo:/opt/ros/humble /usr/bin/cmake --install /home/eid/ws_gazebo/src/build/gazebo_ros2_control
[19.740s] -- Install configuration: ""
[19.740s] -- Execute custom install script
[19.740s] -- Up-to-date symlink: /home/eid/ws_gazebo/src/install/gazebo_ros2_control/lib/libgazebo_ros2_control.so
[19.741s] -- Up-to-date symlink: /home/eid/ws_gazebo/src/install/gazebo_ros2_control/lib/libgazebo_hardware_plugins.so
[19.741s] -- Up-to-date symlink: /home/eid/ws_gazebo/src/install/gazebo_ros2_control/share/gazebo_ros2_control/environment/library_path.sh
[19.741s] -- Up-to-date symlink: /home/eid/ws_gazebo/src/install/gazebo_ros2_control/share/gazebo_ros2_control/environment/library_path.dsv
[19.741s] -- Up-to-date symlink: /home/eid/ws_gazebo/src/install/gazebo_ros2_control/include/gazebo_ros2_control/gazebo_ros2_control_plugin.hpp
[19.741s] -- Up-to-date symlink: /home/eid/ws_gazebo/src/install/gazebo_ros2_control/include/gazebo_ros2_control/gazebo_system.hpp
[19.742s] -- Up-to-date symlink: /home/eid/ws_gazebo/src/install/gazebo_ros2_control/include/gazebo_ros2_control/gazebo_system_interface.hpp
[19.742s] -- Up-to-date symlink: /home/eid/ws_gazebo/src/install/gazebo_ros2_control/share/gazebo_ros2_control//gazebo_hardware_plugins.xml
[19.742s] -- Up-to-date symlink: /home/eid/ws_gazebo/src/install/gazebo_ros2_control/share/ament_index/resource_index/package_run_dependencies/gazebo_ros2_control
[19.742s] -- Up-to-date symlink: /home/eid/ws_gazebo/src/install/gazebo_ros2_control/share/ament_index/resource_index/parent_prefix_path/gazebo_ros2_control
[19.742s] -- Up-to-date symlink: /home/eid/ws_gazebo/src/install/gazebo_ros2_control/share/gazebo_ros2_control/environment/ament_prefix_path.sh
[19.742s] -- Up-to-date symlink: /home/eid/ws_gazebo/src/install/gazebo_ros2_control/share/gazebo_ros2_control/environment/ament_prefix_path.dsv
[19.743s] -- Up-to-date symlink: /home/eid/ws_gazebo/src/install/gazebo_ros2_control/share/gazebo_ros2_control/environment/path.sh
[19.743s] -- Up-to-date symlink: /home/eid/ws_gazebo/src/install/gazebo_ros2_control/share/gazebo_ros2_control/environment/path.dsv
[19.743s] -- Up-to-date symlink: /home/eid/ws_gazebo/src/install/gazebo_ros2_control/share/gazebo_ros2_control/local_setup.bash
[19.743s] -- Up-to-date symlink: /home/eid/ws_gazebo/src/install/gazebo_ros2_control/share/gazebo_ros2_control/local_setup.sh
[19.743s] -- Up-to-date symlink: /home/eid/ws_gazebo/src/install/gazebo_ros2_control/share/gazebo_ros2_control/local_setup.zsh
[19.743s] -- Up-to-date symlink: /home/eid/ws_gazebo/src/install/gazebo_ros2_control/share/gazebo_ros2_control/local_setup.dsv
[19.743s] -- Symlinking: /home/eid/ws_gazebo/src/install/gazebo_ros2_control/share/gazebo_ros2_control/package.dsv
[19.752s] -- Up-to-date symlink: /home/eid/ws_gazebo/src/install/gazebo_ros2_control/share/ament_index/resource_index/packages/gazebo_ros2_control
[19.752s] -- Up-to-date symlink: /home/eid/ws_gazebo/src/install/gazebo_ros2_control/share/ament_index/resource_index/gazebo_ros2_control__pluginlib__plugin/gazebo_ros2_control
[19.752s] -- Up-to-date symlink: /home/eid/ws_gazebo/src/install/gazebo_ros2_control/share/gazebo_ros2_control/cmake/ament_cmake_export_include_directories-extras.cmake
[19.752s] -- Up-to-date symlink: /home/eid/ws_gazebo/src/install/gazebo_ros2_control/share/gazebo_ros2_control/cmake/ament_cmake_export_dependencies-extras.cmake
[19.752s] -- Up-to-date symlink: /home/eid/ws_gazebo/src/install/gazebo_ros2_control/share/gazebo_ros2_control/cmake/ament_cmake_export_libraries-extras.cmake
[19.753s] -- Up-to-date symlink: /home/eid/ws_gazebo/src/install/gazebo_ros2_control/share/gazebo_ros2_control/cmake/gazebo_ros2_controlConfig.cmake
[19.753s] -- Up-to-date symlink: /home/eid/ws_gazebo/src/install/gazebo_ros2_control/share/gazebo_ros2_control/cmake/gazebo_ros2_controlConfig-version.cmake
[19.753s] -- Up-to-date symlink: /home/eid/ws_gazebo/src/install/gazebo_ros2_control/share/gazebo_ros2_control/package.xml
[19.755s] Invoked command in '/home/eid/ws_gazebo/src/build/gazebo_ros2_control' returned '0': CMAKE_PREFIX_PATH=${CMAKE_PREFIX_PATH}:/home/eid/ws_gazebo/src/install/serial_motor_demo:/opt/ros/humble /usr/bin/cmake --install /home/eid/ws_gazebo/src/build/gazebo_ros2_control
