[0.029s] Invoking command in '/home/eid/ws_gazebo/src/build/serial_motor_demo_msgs': CMAKE_PREFIX_PATH=${CMAKE_PREFIX_PATH}:/home/eid/ws_gazebo/src/install/serial_motor_demo:/opt/ros/humble /usr/bin/cmake --build /home/eid/ws_gazebo/src/build/serial_motor_demo_msgs -- -j8 -l8
[0.104s] [ 10%] Built target serial_motor_demo_msgs__rosidl_generator_c
[0.105s] [ 12%] Built target serial_motor_demo_msgs__cpp
[0.119s] [ 12%] Built target ament_cmake_python_symlink_serial_motor_demo_msgs
[0.171s] [ 23%] Built target serial_motor_demo_msgs__rosidl_typesupport_c
[0.172s] [ 34%] Built target serial_motor_demo_msgs__rosidl_typesupport_fastrtps_c
[0.189s] [ 51%] Built target serial_motor_demo_msgs__rosidl_typesupport_fastrtps_cpp
[0.190s] [ 55%] Built target serial_motor_demo_msgs__rosidl_typesupport_introspection_c
[0.199s] [ 76%] Built target serial_motor_demo_msgs__rosidl_typesupport_introspection_cpp
[0.199s] [ 76%] Built target serial_motor_demo_msgs__rosidl_typesupport_cpp
[0.233s] [ 76%] Built target serial_motor_demo_msgs
[0.262s] [ 78%] Built target serial_motor_demo_msgs__py
[0.296s] [ 87%] Built target serial_motor_demo_msgs__rosidl_generator_py
[0.324s] [ 91%] Built target serial_motor_demo_msgs__rosidl_typesupport_c__pyext
[0.325s] [ 95%] Built target serial_motor_demo_msgs__rosidl_typesupport_introspection_c__pyext
[0.327s] [100%] Built target serial_motor_demo_msgs__rosidl_typesupport_fastrtps_c__pyext
[0.546s] running egg_info
[0.547s] writing serial_motor_demo_msgs.egg-info/PKG-INFO
[0.547s] writing dependency_links to serial_motor_demo_msgs.egg-info/dependency_links.txt
[0.547s] writing top-level names to serial_motor_demo_msgs.egg-info/top_level.txt
[0.550s] reading manifest file 'serial_motor_demo_msgs.egg-info/SOURCES.txt'
[0.550s] writing manifest file 'serial_motor_demo_msgs.egg-info/SOURCES.txt'
[0.578s] [100%] Built target ament_cmake_python_build_serial_motor_demo_msgs_egg
