[0.022s] Invoking command in '/home/eid/ws_gazebo/src/build/nixbot': CMAKE_PREFIX_PATH=/opt/ros/humble /usr/bin/cmake /home/eid/ws_gazebo/src/nixbot -DCMAKE_INSTALL_PREFIX=/home/eid/ws_gazebo/src/install/nixbot
[0.104s] -- Found ament_cmake: 1.3.8 (/opt/ros/humble/share/ament_cmake/cmake)
[0.269s] -- Override CMake install command with custom implementation using symlinks instead of copying resources
[0.282s] -- Found ament_lint_auto: 0.12.10 (/opt/ros/humble/share/ament_lint_auto/cmake)
[0.427s] -- Added test 'cppcheck' to perform static code analysis on C / C++ code
[0.427s] -- Configured cppcheck include dirs: 
[0.427s] -- Configured cppcheck exclude dirs and/or files: 
[0.430s] -- Added test 'flake8' to check Python code syntax and style conventions
[0.435s] -- Added test 'lint_cmake' to check CMake code style
[0.439s] -- Added test 'pep257' to check Python code against some of the docstring style conventions in PEP 257
[0.458s] -- Added test 'uncrustify' to check C / C++ code style
[0.458s] -- Configured uncrustify additional arguments: 
[0.460s] -- Added test 'xmllint' to check XML markup files
[0.462s] -- Configuring done
[0.466s] -- Generating done
[0.467s] -- Build files have been written to: /home/eid/ws_gazebo/src/build/nixbot
[0.472s] Invoked command in '/home/eid/ws_gazebo/src/build/nixbot' returned '0': CMAKE_PREFIX_PATH=/opt/ros/humble /usr/bin/cmake /home/eid/ws_gazebo/src/nixbot -DCMAKE_INSTALL_PREFIX=/home/eid/ws_gazebo/src/install/nixbot
[0.473s] Invoking command in '/home/eid/ws_gazebo/src/build/nixbot': CMAKE_PREFIX_PATH=/opt/ros/humble /usr/bin/cmake --build /home/eid/ws_gazebo/src/build/nixbot -- -j8 -l8
[0.516s] Invoked command in '/home/eid/ws_gazebo/src/build/nixbot' returned '0': CMAKE_PREFIX_PATH=/opt/ros/humble /usr/bin/cmake --build /home/eid/ws_gazebo/src/build/nixbot -- -j8 -l8
[0.556s] Invoking command in '/home/eid/ws_gazebo/src/build/nixbot': CMAKE_PREFIX_PATH=/opt/ros/humble /usr/bin/cmake --install /home/eid/ws_gazebo/src/build/nixbot
[0.563s] -- Install configuration: ""
[0.564s] -- Execute custom install script
[0.565s] -- Up-to-date symlink: /home/eid/ws_gazebo/src/install/nixbot/share/nixbot//launch/display.launch.py
[0.566s] -- Up-to-date symlink: /home/eid/ws_gazebo/src/install/nixbot/share/nixbot//launch/frames_2024-03-03_21.54.33.gv
[0.566s] -- Up-to-date symlink: /home/eid/ws_gazebo/src/install/nixbot/share/nixbot//launch/frames_2024-03-03_21.54.33.pdf
[0.566s] -- Up-to-date symlink: /home/eid/ws_gazebo/src/install/nixbot/share/nixbot//launch/frames_2024-03-03_21.55.09.gv
[0.566s] -- Up-to-date symlink: /home/eid/ws_gazebo/src/install/nixbot/share/nixbot//launch/frames_2024-03-03_21.55.09.pdf
[0.566s] -- Up-to-date symlink: /home/eid/ws_gazebo/src/install/nixbot/share/nixbot//launch/gazebo_model.launch.py
[0.567s] -- Up-to-date symlink: /home/eid/ws_gazebo/src/install/nixbot/share/nixbot//launch/launch_robot.launch.py
[0.567s] -- Up-to-date symlink: /home/eid/ws_gazebo/src/install/nixbot/share/nixbot//launch/localization_launch.py
[0.567s] -- Up-to-date symlink: /home/eid/ws_gazebo/src/install/nixbot/share/nixbot//launch/mapping.launch.py
[0.567s] -- Up-to-date symlink: /home/eid/ws_gazebo/src/install/nixbot/share/nixbot//launch/navigation2_launch.py
[0.567s] -- Up-to-date symlink: /home/eid/ws_gazebo/src/install/nixbot/share/nixbot//launch/rsp.launch.py
[0.567s] -- Up-to-date symlink: /home/eid/ws_gazebo/src/install/nixbot/share/nixbot//launch/rviz.launch.py
[0.567s] -- Up-to-date symlink: /home/eid/ws_gazebo/src/install/nixbot/share/nixbot//launch/world.launch
[0.567s] -- Up-to-date symlink: /home/eid/ws_gazebo/src/install/nixbot/share/nixbot//model/rob.urdf
[0.567s] -- Up-to-date symlink: /home/eid/ws_gazebo/src/install/nixbot/share/nixbot//model/ros2_control.xacro
[0.568s] -- Up-to-date symlink: /home/eid/ws_gazebo/src/install/nixbot/share/nixbot//rviz/config.rviz
[0.568s] -- Up-to-date symlink: /home/eid/ws_gazebo/src/install/nixbot/share/ament_index/resource_index/package_run_dependencies/nixbot
[0.568s] -- Up-to-date symlink: /home/eid/ws_gazebo/src/install/nixbot/share/ament_index/resource_index/parent_prefix_path/nixbot
[0.568s] -- Up-to-date symlink: /home/eid/ws_gazebo/src/install/nixbot/share/nixbot/environment/ament_prefix_path.sh
[0.568s] -- Up-to-date symlink: /home/eid/ws_gazebo/src/install/nixbot/share/nixbot/environment/ament_prefix_path.dsv
[0.568s] -- Up-to-date symlink: /home/eid/ws_gazebo/src/install/nixbot/share/nixbot/environment/path.sh
[0.568s] -- Up-to-date symlink: /home/eid/ws_gazebo/src/install/nixbot/share/nixbot/environment/path.dsv
[0.568s] -- Up-to-date symlink: /home/eid/ws_gazebo/src/install/nixbot/share/nixbot/local_setup.bash
[0.569s] -- Up-to-date symlink: /home/eid/ws_gazebo/src/install/nixbot/share/nixbot/local_setup.sh
[0.569s] -- Up-to-date symlink: /home/eid/ws_gazebo/src/install/nixbot/share/nixbot/local_setup.zsh
[0.569s] -- Up-to-date symlink: /home/eid/ws_gazebo/src/install/nixbot/share/nixbot/local_setup.dsv
[0.569s] -- Symlinking: /home/eid/ws_gazebo/src/install/nixbot/share/nixbot/package.dsv
[0.578s] -- Up-to-date symlink: /home/eid/ws_gazebo/src/install/nixbot/share/ament_index/resource_index/packages/nixbot
[0.579s] -- Up-to-date symlink: /home/eid/ws_gazebo/src/install/nixbot/share/nixbot/cmake/nixbotConfig.cmake
[0.579s] -- Up-to-date symlink: /home/eid/ws_gazebo/src/install/nixbot/share/nixbot/cmake/nixbotConfig-version.cmake
[0.579s] -- Up-to-date symlink: /home/eid/ws_gazebo/src/install/nixbot/share/nixbot/package.xml
[0.582s] Invoked command in '/home/eid/ws_gazebo/src/build/nixbot' returned '0': CMAKE_PREFIX_PATH=/opt/ros/humble /usr/bin/cmake --install /home/eid/ws_gazebo/src/build/nixbot
