[0.045s] Invoking command in '/home/eid/ws_gazebo/src/build/gazebo_ros2_control': CMAKE_PREFIX_PATH=${CMAKE_PREFIX_PATH}:/home/eid/ws_gazebo/src/install/serial_motor_demo:/opt/ros/humble /usr/bin/cmake --build /home/eid/ws_gazebo/src/build/gazebo_ros2_control -- -j8 -l8
[0.288s] [ 50%] Built target gazebo_hardware_plugins
[0.295s] [100%] Built target gazebo_ros2_control
[0.314s] Invoked command in '/home/eid/ws_gazebo/src/build/gazebo_ros2_control' returned '0': CMAKE_PREFIX_PATH=${CMAKE_PREFIX_PATH}:/home/eid/ws_gazebo/src/install/serial_motor_demo:/opt/ros/humble /usr/bin/cmake --build /home/eid/ws_gazebo/src/build/gazebo_ros2_control -- -j8 -l8
[0.346s] Invoking command in '/home/eid/ws_gazebo/src/build/gazebo_ros2_control': CMAKE_PREFIX_PATH=${CMAKE_PREFIX_PATH}:/home/eid/ws_gazebo/src/install/serial_motor_demo:/opt/ros/humble /usr/bin/cmake --install /home/eid/ws_gazebo/src/build/gazebo_ros2_control
[0.353s] -- Install configuration: ""
[0.355s] -- Execute custom install script
[0.355s] -- Up-to-date symlink: /home/eid/ws_gazebo/src/install/gazebo_ros2_control/lib/libgazebo_ros2_control.so
[0.356s] -- Up-to-date symlink: /home/eid/ws_gazebo/src/install/gazebo_ros2_control/lib/libgazebo_hardware_plugins.so
[0.356s] -- Up-to-date symlink: /home/eid/ws_gazebo/src/install/gazebo_ros2_control/share/gazebo_ros2_control/environment/library_path.sh
[0.356s] -- Up-to-date symlink: /home/eid/ws_gazebo/src/install/gazebo_ros2_control/share/gazebo_ros2_control/environment/library_path.dsv
[0.357s] -- Up-to-date symlink: /home/eid/ws_gazebo/src/install/gazebo_ros2_control/include/gazebo_ros2_control/gazebo_ros2_control_plugin.hpp
[0.358s] -- Up-to-date symlink: /home/eid/ws_gazebo/src/install/gazebo_ros2_control/include/gazebo_ros2_control/gazebo_system.hpp
[0.358s] -- Up-to-date symlink: /home/eid/ws_gazebo/src/install/gazebo_ros2_control/include/gazebo_ros2_control/gazebo_system_interface.hpp
[0.359s] -- Up-to-date symlink: /home/eid/ws_gazebo/src/install/gazebo_ros2_control/share/gazebo_ros2_control//gazebo_hardware_plugins.xml
[0.359s] -- Up-to-date symlink: /home/eid/ws_gazebo/src/install/gazebo_ros2_control/share/ament_index/resource_index/package_run_dependencies/gazebo_ros2_control
[0.359s] -- Up-to-date symlink: /home/eid/ws_gazebo/src/install/gazebo_ros2_control/share/ament_index/resource_index/parent_prefix_path/gazebo_ros2_control
[0.360s] -- Up-to-date symlink: /home/eid/ws_gazebo/src/install/gazebo_ros2_control/share/gazebo_ros2_control/environment/ament_prefix_path.sh
[0.360s] -- Up-to-date symlink: /home/eid/ws_gazebo/src/install/gazebo_ros2_control/share/gazebo_ros2_control/environment/ament_prefix_path.dsv
[0.361s] -- Up-to-date symlink: /home/eid/ws_gazebo/src/install/gazebo_ros2_control/share/gazebo_ros2_control/environment/path.sh
[0.361s] -- Up-to-date symlink: /home/eid/ws_gazebo/src/install/gazebo_ros2_control/share/gazebo_ros2_control/environment/path.dsv
[0.362s] -- Up-to-date symlink: /home/eid/ws_gazebo/src/install/gazebo_ros2_control/share/gazebo_ros2_control/local_setup.bash
[0.362s] -- Up-to-date symlink: /home/eid/ws_gazebo/src/install/gazebo_ros2_control/share/gazebo_ros2_control/local_setup.sh
[0.362s] -- Up-to-date symlink: /home/eid/ws_gazebo/src/install/gazebo_ros2_control/share/gazebo_ros2_control/local_setup.zsh
[0.363s] -- Up-to-date symlink: /home/eid/ws_gazebo/src/install/gazebo_ros2_control/share/gazebo_ros2_control/local_setup.dsv
[0.363s] -- Symlinking: /home/eid/ws_gazebo/src/install/gazebo_ros2_control/share/gazebo_ros2_control/package.dsv
[0.372s] -- Up-to-date symlink: /home/eid/ws_gazebo/src/install/gazebo_ros2_control/share/ament_index/resource_index/packages/gazebo_ros2_control
[0.372s] -- Up-to-date symlink: /home/eid/ws_gazebo/src/install/gazebo_ros2_control/share/ament_index/resource_index/gazebo_ros2_control__pluginlib__plugin/gazebo_ros2_control
[0.378s] -- Up-to-date symlink: /home/eid/ws_gazebo/src/install/gazebo_ros2_control/share/gazebo_ros2_control/cmake/ament_cmake_export_include_directories-extras.cmake
[0.378s] -- Up-to-date symlink: /home/eid/ws_gazebo/src/install/gazebo_ros2_control/share/gazebo_ros2_control/cmake/ament_cmake_export_dependencies-extras.cmake
[0.379s] -- Up-to-date symlink: /home/eid/ws_gazebo/src/install/gazebo_ros2_control/share/gazebo_ros2_control/cmake/ament_cmake_export_libraries-extras.cmake
[0.380s] -- Up-to-date symlink: /home/eid/ws_gazebo/src/install/gazebo_ros2_control/share/gazebo_ros2_control/cmake/gazebo_ros2_controlConfig.cmake
[0.381s] -- Up-to-date symlink: /home/eid/ws_gazebo/src/install/gazebo_ros2_control/share/gazebo_ros2_control/cmake/gazebo_ros2_controlConfig-version.cmake
[0.382s] -- Up-to-date symlink: /home/eid/ws_gazebo/src/install/gazebo_ros2_control/share/gazebo_ros2_control/package.xml
[0.384s] Invoked command in '/home/eid/ws_gazebo/src/build/gazebo_ros2_control' returned '0': CMAKE_PREFIX_PATH=${CMAKE_PREFIX_PATH}:/home/eid/ws_gazebo/src/install/serial_motor_demo:/opt/ros/humble /usr/bin/cmake --install /home/eid/ws_gazebo/src/build/gazebo_ros2_control
