[0.023s] Invoking command in '/home/eid/ws_gazebo/src/build/diffdrive_arduino': CMAKE_PREFIX_PATH=/opt/ros/humble /usr/bin/cmake /home/eid/ws_gazebo/src/diffdrive_arduino -DCMAKE_INSTALL_PREFIX=/home/eid/ws_gazebo/src/install/diffdrive_arduino
[0.105s] -- Found ament_cmake: 1.3.8 (/opt/ros/humble/share/ament_cmake/cmake)
[0.299s] -- Override CMake install command with custom implementation using symlinks instead of copying resources
[0.312s] -- Found hardware_interface: 2.40.0 (/opt/ros/humble/share/hardware_interface/cmake)
[0.361s] -- Found rosidl_generator_c: 3.1.5 (/opt/ros/humble/share/rosidl_generator_c/cmake)
[0.365s] -- Found rosidl_adapter: 3.1.5 (/opt/ros/humble/share/rosidl_adapter/cmake)
[0.382s] -- Found rosidl_generator_cpp: 3.1.5 (/opt/ros/humble/share/rosidl_generator_cpp/cmake)
[0.400s] -- Using all available rosidl_typesupport_c: rosidl_typesupport_fastrtps_c;rosidl_typesupport_introspection_c
[0.429s] -- Using all available rosidl_typesupport_cpp: rosidl_typesupport_fastrtps_cpp;rosidl_typesupport_introspection_cpp
[1.293s] -- Found rmw_implementation_cmake: 6.1.1 (/opt/ros/humble/share/rmw_implementation_cmake/cmake)
[1.294s] -- Found rmw_fastrtps_cpp: 6.2.6 (/opt/ros/humble/share/rmw_fastrtps_cpp/cmake)
[1.348s] -- Found TinyXML2 via Config file: TinyXML2_DIR-NOTFOUND
[1.370s] -- Found TinyXML2 via Config file: TinyXML2_DIR-NOTFOUND
[1.399s] -- Found TinyXML2 via Config file: TinyXML2_DIR-NOTFOUND
[1.410s] -- Found TinyXML2 via Config file: TinyXML2_DIR-NOTFOUND
[1.425s] -- Using RMW implementation 'rmw_fastrtps_cpp' as default
[1.732s] -- Found ament_cmake_gtest: 1.3.8 (/opt/ros/humble/share/ament_cmake_gtest/cmake)
[1.806s] -- Configuring done
[1.889s] -- Generating done
[1.890s] -- Build files have been written to: /home/eid/ws_gazebo/src/build/diffdrive_arduino
[1.904s] Invoked command in '/home/eid/ws_gazebo/src/build/diffdrive_arduino' returned '0': CMAKE_PREFIX_PATH=/opt/ros/humble /usr/bin/cmake /home/eid/ws_gazebo/src/diffdrive_arduino -DCMAKE_INSTALL_PREFIX=/home/eid/ws_gazebo/src/install/diffdrive_arduino
[1.904s] Invoking command in '/home/eid/ws_gazebo/src/build/diffdrive_arduino': CMAKE_PREFIX_PATH=/opt/ros/humble /usr/bin/cmake --build /home/eid/ws_gazebo/src/build/diffdrive_arduino -- -j8 -l8
[1.939s] [35m[1mConsolidate compiler generated dependencies of target diffdrive_arduino[0m
[1.956s] [100%] Built target diffdrive_arduino
[1.966s] Invoked command in '/home/eid/ws_gazebo/src/build/diffdrive_arduino' returned '0': CMAKE_PREFIX_PATH=/opt/ros/humble /usr/bin/cmake --build /home/eid/ws_gazebo/src/build/diffdrive_arduino -- -j8 -l8
[1.989s] Invoking command in '/home/eid/ws_gazebo/src/build/diffdrive_arduino': CMAKE_PREFIX_PATH=/opt/ros/humble /usr/bin/cmake --install /home/eid/ws_gazebo/src/build/diffdrive_arduino
[1.998s] -- Install configuration: ""
[1.998s] -- Execute custom install script
[1.998s] -- Up-to-date symlink: /home/eid/ws_gazebo/src/install/diffdrive_arduino/share/diffdrive_arduino//diffdrive_arduino.xml
[1.998s] -- Up-to-date symlink: /home/eid/ws_gazebo/src/install/diffdrive_arduino/include/diffdrive_arduino/diffdrive_arduino/arduino_comms.hpp
[1.998s] -- Up-to-date symlink: /home/eid/ws_gazebo/src/install/diffdrive_arduino/include/diffdrive_arduino/diffdrive_arduino/diffbot_system.hpp
[1.998s] -- Up-to-date symlink: /home/eid/ws_gazebo/src/install/diffdrive_arduino/include/diffdrive_arduino/diffdrive_arduino/visibility_control.h
[1.998s] -- Up-to-date symlink: /home/eid/ws_gazebo/src/install/diffdrive_arduino/include/diffdrive_arduino/diffdrive_arduino/wheel.hpp
[1.998s] -- Up-to-date symlink: /home/eid/ws_gazebo/src/install/diffdrive_arduino/share/diffdrive_arduino/launch/view_robot.launch.py
[1.999s] -- Up-to-date symlink: /home/eid/ws_gazebo/src/install/diffdrive_arduino/share/diffdrive_arduino/ros2_control/diffbot.ros2_control.xacro
[1.999s] -- Up-to-date symlink: /home/eid/ws_gazebo/src/install/diffdrive_arduino/share/diffdrive_arduino/urdf/diffbot.materials.xacro
[1.999s] -- Up-to-date symlink: /home/eid/ws_gazebo/src/install/diffdrive_arduino/share/diffdrive_arduino/urdf/diffbot.urdf.xacro
[2.000s] -- Up-to-date symlink: /home/eid/ws_gazebo/src/install/diffdrive_arduino/share/diffdrive_arduino/urdf/diffbot_description.urdf.xacro
[2.000s] -- Up-to-date symlink: /home/eid/ws_gazebo/src/install/diffdrive_arduino/share/diffdrive_arduino/rviz/diffbot.rviz
[2.000s] -- Up-to-date symlink: /home/eid/ws_gazebo/src/install/diffdrive_arduino/share/diffdrive_arduino/rviz/diffbot_view.rviz
[2.000s] -- Up-to-date symlink: /home/eid/ws_gazebo/src/install/diffdrive_arduino/share/diffdrive_arduino/launch/diffbot.launch.py
[2.001s] -- Up-to-date symlink: /home/eid/ws_gazebo/src/install/diffdrive_arduino/share/diffdrive_arduino/config/diffbot_controllers.yaml
[2.001s] -- Up-to-date symlink: /home/eid/ws_gazebo/src/install/diffdrive_arduino/share/diffdrive_arduino/environment/library_path.sh
[2.001s] -- Up-to-date symlink: /home/eid/ws_gazebo/src/install/diffdrive_arduino/share/diffdrive_arduino/environment/library_path.dsv
[2.002s] -- Up-to-date symlink: /home/eid/ws_gazebo/src/install/diffdrive_arduino/share/ament_index/resource_index/package_run_dependencies/diffdrive_arduino
[2.002s] -- Up-to-date symlink: /home/eid/ws_gazebo/src/install/diffdrive_arduino/share/ament_index/resource_index/parent_prefix_path/diffdrive_arduino
[2.003s] -- Up-to-date symlink: /home/eid/ws_gazebo/src/install/diffdrive_arduino/share/diffdrive_arduino/environment/ament_prefix_path.sh
[2.003s] -- Up-to-date symlink: /home/eid/ws_gazebo/src/install/diffdrive_arduino/share/diffdrive_arduino/environment/ament_prefix_path.dsv
[2.003s] -- Up-to-date symlink: /home/eid/ws_gazebo/src/install/diffdrive_arduino/share/diffdrive_arduino/environment/path.sh
[2.003s] -- Up-to-date symlink: /home/eid/ws_gazebo/src/install/diffdrive_arduino/share/diffdrive_arduino/environment/path.dsv
[2.004s] -- Up-to-date symlink: /home/eid/ws_gazebo/src/install/diffdrive_arduino/share/diffdrive_arduino/local_setup.bash
[2.004s] -- Up-to-date symlink: /home/eid/ws_gazebo/src/install/diffdrive_arduino/share/diffdrive_arduino/local_setup.sh
[2.004s] -- Up-to-date symlink: /home/eid/ws_gazebo/src/install/diffdrive_arduino/share/diffdrive_arduino/local_setup.zsh
[2.004s] -- Up-to-date symlink: /home/eid/ws_gazebo/src/install/diffdrive_arduino/share/diffdrive_arduino/local_setup.dsv
[2.005s] -- Symlinking: /home/eid/ws_gazebo/src/install/diffdrive_arduino/share/diffdrive_arduino/package.dsv
[2.013s] -- Up-to-date symlink: /home/eid/ws_gazebo/src/install/diffdrive_arduino/share/ament_index/resource_index/packages/diffdrive_arduino
[2.013s] -- Up-to-date symlink: /home/eid/ws_gazebo/src/install/diffdrive_arduino/share/ament_index/resource_index/hardware_interface__pluginlib__plugin/diffdrive_arduino
[2.013s] -- Up-to-date symlink: /home/eid/ws_gazebo/src/install/diffdrive_arduino/share/diffdrive_arduino/cmake/ament_cmake_export_targets-extras.cmake
[2.013s] -- Up-to-date symlink: /home/eid/ws_gazebo/src/install/diffdrive_arduino/share/diffdrive_arduino/cmake/ament_cmake_export_dependencies-extras.cmake
[2.014s] -- Up-to-date symlink: /home/eid/ws_gazebo/src/install/diffdrive_arduino/share/diffdrive_arduino/cmake/diffdrive_arduinoConfig.cmake
[2.016s] -- Up-to-date symlink: /home/eid/ws_gazebo/src/install/diffdrive_arduino/share/diffdrive_arduino/cmake/diffdrive_arduinoConfig-version.cmake
[2.017s] -- Up-to-date symlink: /home/eid/ws_gazebo/src/install/diffdrive_arduino/share/diffdrive_arduino/package.xml
[2.017s] -- Up-to-date: /home/eid/ws_gazebo/src/install/diffdrive_arduino/lib/libdiffdrive_arduino.so
[2.017s] -- Up-to-date: /home/eid/ws_gazebo/src/install/diffdrive_arduino/share/diffdrive_arduino/cmake/export_diffdrive_arduinoExport.cmake
[2.018s] -- Up-to-date: /home/eid/ws_gazebo/src/install/diffdrive_arduino/share/diffdrive_arduino/cmake/export_diffdrive_arduinoExport-noconfig.cmake
[2.019s] Invoked command in '/home/eid/ws_gazebo/src/build/diffdrive_arduino' returned '0': CMAKE_PREFIX_PATH=/opt/ros/humble /usr/bin/cmake --install /home/eid/ws_gazebo/src/build/diffdrive_arduino
