[0.022s] Invoking command in '/home/eid/ws_gazebo/src/build/gazebo_ros2_control': CMAKE_PREFIX_PATH=${CMAKE_PREFIX_PATH}:/home/eid/ws_gazebo/src/install/serial_motor_demo:/opt/ros/humble /usr/bin/cmake /home/eid/ws_gazebo/src/gazebo_ros2_control/gazebo_ros2_control -DAMENT_CMAKE_SYMLINK_INSTALL=1 -DCMAKE_INSTALL_PREFIX=/home/eid/ws_gazebo/src/install/gazebo_ros2_control
[0.046s] -- Found ament_cmake: 1.3.8 (/opt/ros/humble/share/ament_cmake/cmake)
[0.183s] -- Override CMake install command with custom implementation using symlinks instead of copying resources
[0.210s] -- Found angles: 1.15.0 (/opt/ros/humble/share/angles/cmake)
[0.212s] -- Found controller_manager: 2.40.0 (/opt/ros/humble/share/controller_manager/cmake)
[0.272s] -- Found rosidl_generator_c: 3.1.5 (/opt/ros/humble/share/rosidl_generator_c/cmake)
[0.276s] -- Found rosidl_adapter: 3.1.5 (/opt/ros/humble/share/rosidl_adapter/cmake)
[0.288s] -- Found rosidl_generator_cpp: 3.1.5 (/opt/ros/humble/share/rosidl_generator_cpp/cmake)
[0.304s] -- Using all available rosidl_typesupport_c: rosidl_typesupport_fastrtps_c;rosidl_typesupport_introspection_c
[0.326s] -- Using all available rosidl_typesupport_cpp: rosidl_typesupport_fastrtps_cpp;rosidl_typesupport_introspection_cpp
[1.072s] -- Found rmw_implementation_cmake: 6.1.1 (/opt/ros/humble/share/rmw_implementation_cmake/cmake)
[1.073s] -- Found rmw_fastrtps_cpp: 6.2.6 (/opt/ros/humble/share/rmw_fastrtps_cpp/cmake)
[1.107s] -- Found TinyXML2 via Config file: TinyXML2_DIR-NOTFOUND
[1.119s] -- Found TinyXML2 via Config file: TinyXML2_DIR-NOTFOUND
[1.149s] -- Found TinyXML2 via Config file: TinyXML2_DIR-NOTFOUND
[1.157s] -- Found TinyXML2 via Config file: TinyXML2_DIR-NOTFOUND
[1.168s] -- Using RMW implementation 'rmw_fastrtps_cpp' as default
[1.830s] -- Found gazebo_dev: 3.7.0 (/opt/ros/humble/share/gazebo_dev/cmake)
[1.866s] -- Found DART: /usr/include (Required is at least version "6.6") found components: dart 
[1.927s] -- Found Protobuf: /usr/lib/x86_64-linux-gnu/libprotobuf.so (found version "3.12.4") 
[1.930s] -- Looking for ignition-math6 -- found version 6.15.1
[1.938s] -- Searching for dependencies of ignition-math6
[1.947s] -- Looking for OGRE...
[1.970s] -- Found Ogre Ghadamon (1.9.0)
[1.971s] -- Found OGRE: optimized;/usr/lib/x86_64-linux-gnu/libOgreMain.so;debug;/usr/lib/x86_64-linux-gnu/libOgreMain.so
[1.994s] -- Looking for OGRE_Paging...
[1.994s] -- Found OGRE_Paging: optimized;/usr/lib/x86_64-linux-gnu/libOgrePaging.so;debug;/usr/lib/x86_64-linux-gnu/libOgrePaging.so
[1.995s] -- Looking for OGRE_Terrain...
[1.995s] -- Found OGRE_Terrain: optimized;/usr/lib/x86_64-linux-gnu/libOgreTerrain.so;debug;/usr/lib/x86_64-linux-gnu/libOgreTerrain.so
[1.995s] -- Looking for OGRE_Property...
[1.995s] -- Found OGRE_Property: optimized;/usr/lib/x86_64-linux-gnu/libOgreProperty.so;debug;/usr/lib/x86_64-linux-gnu/libOgreProperty.so
[1.995s] -- Looking for OGRE_RTShaderSystem...
[1.995s] -- Found OGRE_RTShaderSystem: optimized;/usr/lib/x86_64-linux-gnu/libOgreRTShaderSystem.so;debug;/usr/lib/x86_64-linux-gnu/libOgreRTShaderSystem.so
[1.995s] -- Looking for OGRE_Volume...
[1.995s] -- Found OGRE_Volume: optimized;/usr/lib/x86_64-linux-gnu/libOgreVolume.so;debug;/usr/lib/x86_64-linux-gnu/libOgreVolume.so
[1.995s] -- Looking for OGRE_Overlay...
[1.995s] -- Found OGRE_Overlay: optimized;/usr/lib/x86_64-linux-gnu/libOgreOverlay.so;debug;/usr/lib/x86_64-linux-gnu/libOgreOverlay.so
[2.108s] -- Looking for ignition-math6 -- found version 6.15.1
[2.116s] -- Looking for ignition-transport8 -- found version 8.2.1
[2.117s] -- Searching for dependencies of ignition-transport8
[2.149s] -- Found Protobuf: /usr/lib/x86_64-linux-gnu/libprotobuf.so (found suitable version "3.12.4", minimum required is "3") 
[2.161s] -- Config-file not installed for ZeroMQ -- checking for pkg-config
[2.165s] -- Checking for module 'libzmq >= 4'
[2.180s] --   Found libzmq , version 4.3.4
[2.215s] -- Checking for module 'uuid'
[2.226s] --   Found uuid, version 2.37.2
[2.255s] -- Looking for ignition-msgs5 -- found version 5.8.1
[2.256s] -- Searching for dependencies of ignition-msgs5
[2.275s] -- Looking for ignition-math6 -- found version 6.15.1
[2.283s] -- Looking for ignition-msgs5 -- found version 5.8.1
[2.284s] -- Looking for ignition-common3 -- found version 3.14.0
[2.284s] -- Searching for dependencies of ignition-common3
[2.285s] -- Looking for dlfcn.h - found
[2.285s] -- Looking for libdl - found
[2.296s] -- Searching for <ignition-common3> component [graphics]
[2.297s] -- Looking for ignition-common3-graphics -- found version 3.14.0
[2.297s] -- Searching for dependencies of ignition-common3-graphics
[2.298s] -- Looking for ignition-math6 -- found version 6.15.1
[2.300s] -- Looking for ignition-fuel_tools4 -- found version 4.4.0
[2.300s] -- Searching for dependencies of ignition-fuel_tools4
[2.343s] -- Checking for module 'jsoncpp'
[2.356s] --   Found jsoncpp, version 1.9.5
[2.389s] -- Checking for module 'libzip'
[2.401s] --   Found libzip, version 1.7.3
[2.430s] -- Looking for ignition-common3 -- found version 3.14.0
[2.430s] -- Looking for ignition-math6 -- found version 6.15.1
[2.430s] -- Looking for ignition-msgs5 -- found version 5.8.1
[2.433s] -- Gazebo version: 11.10
[2.434s] -- Found gazebo_ros: 3.7.0 (/opt/ros/humble/share/gazebo_ros/cmake)
[2.444s] -- Found yaml_cpp_vendor: 8.0.2 (/opt/ros/humble/share/yaml_cpp_vendor/cmake)
[3.108s] -- Found ament_cmake_gtest: 1.3.8 (/opt/ros/humble/share/ament_cmake_gtest/cmake)
[3.110s] -- Found ament_lint_auto: 0.12.10 (/opt/ros/humble/share/ament_lint_auto/cmake)
[3.207s] -- Added test 'copyright' to check source files copyright and LICENSE
[3.212s] -- Added test 'cppcheck' to perform static code analysis on C / C++ code
[3.214s] -- Configured cppcheck include dirs: /home/eid/ws_gazebo/src/gazebo_ros2_control/gazebo_ros2_control/include
[3.214s] -- Configured cppcheck exclude dirs and/or files: 
[3.216s] -- Added test 'cpplint' to check C / C++ code against the Google style
[3.216s] -- Configured cpplint exclude dirs and/or files: 
[3.218s] -- Added test 'lint_cmake' to check CMake code style
[3.220s] -- Added test 'uncrustify' to check C / C++ code style
[3.220s] -- Configured uncrustify additional arguments: 
[3.221s] -- Added test 'xmllint' to check XML markup files
[3.225s] -- Configuring done
[3.324s] -- Generating done
[3.331s] -- Build files have been written to: /home/eid/ws_gazebo/src/build/gazebo_ros2_control
[3.350s] Invoked command in '/home/eid/ws_gazebo/src/build/gazebo_ros2_control' returned '0': CMAKE_PREFIX_PATH=${CMAKE_PREFIX_PATH}:/home/eid/ws_gazebo/src/install/serial_motor_demo:/opt/ros/humble /usr/bin/cmake /home/eid/ws_gazebo/src/gazebo_ros2_control/gazebo_ros2_control -DAMENT_CMAKE_SYMLINK_INSTALL=1 -DCMAKE_INSTALL_PREFIX=/home/eid/ws_gazebo/src/install/gazebo_ros2_control
[3.351s] Invoking command in '/home/eid/ws_gazebo/src/build/gazebo_ros2_control': CMAKE_PREFIX_PATH=${CMAKE_PREFIX_PATH}:/home/eid/ws_gazebo/src/install/serial_motor_demo:/opt/ros/humble /usr/bin/cmake --build /home/eid/ws_gazebo/src/build/gazebo_ros2_control -- -j8 -l8
[3.399s] [35m[1mConsolidate compiler generated dependencies of target gazebo_hardware_plugins[0m
[3.399s] [35m[1mConsolidate compiler generated dependencies of target gazebo_ros2_control[0m
[3.433s] [ 50%] Built target gazebo_hardware_plugins
[3.436s] [100%] Built target gazebo_ros2_control
[3.446s] Invoked command in '/home/eid/ws_gazebo/src/build/gazebo_ros2_control' returned '0': CMAKE_PREFIX_PATH=${CMAKE_PREFIX_PATH}:/home/eid/ws_gazebo/src/install/serial_motor_demo:/opt/ros/humble /usr/bin/cmake --build /home/eid/ws_gazebo/src/build/gazebo_ros2_control -- -j8 -l8
[3.477s] Invoking command in '/home/eid/ws_gazebo/src/build/gazebo_ros2_control': CMAKE_PREFIX_PATH=${CMAKE_PREFIX_PATH}:/home/eid/ws_gazebo/src/install/serial_motor_demo:/opt/ros/humble /usr/bin/cmake --install /home/eid/ws_gazebo/src/build/gazebo_ros2_control
[3.484s] -- Install configuration: ""
[3.484s] -- Execute custom install script
[3.485s] -- Up-to-date symlink: /home/eid/ws_gazebo/src/install/gazebo_ros2_control/lib/libgazebo_ros2_control.so
[3.485s] -- Up-to-date symlink: /home/eid/ws_gazebo/src/install/gazebo_ros2_control/lib/libgazebo_hardware_plugins.so
[3.485s] -- Up-to-date symlink: /home/eid/ws_gazebo/src/install/gazebo_ros2_control/share/gazebo_ros2_control/environment/library_path.sh
[3.485s] -- Up-to-date symlink: /home/eid/ws_gazebo/src/install/gazebo_ros2_control/share/gazebo_ros2_control/environment/library_path.dsv
[3.485s] -- Up-to-date symlink: /home/eid/ws_gazebo/src/install/gazebo_ros2_control/include/gazebo_ros2_control/gazebo_ros2_control_plugin.hpp
[3.485s] -- Up-to-date symlink: /home/eid/ws_gazebo/src/install/gazebo_ros2_control/include/gazebo_ros2_control/gazebo_system.hpp
[3.485s] -- Up-to-date symlink: /home/eid/ws_gazebo/src/install/gazebo_ros2_control/include/gazebo_ros2_control/gazebo_system_interface.hpp
[3.486s] -- Up-to-date symlink: /home/eid/ws_gazebo/src/install/gazebo_ros2_control/share/gazebo_ros2_control//gazebo_hardware_plugins.xml
[3.486s] -- Up-to-date symlink: /home/eid/ws_gazebo/src/install/gazebo_ros2_control/share/ament_index/resource_index/package_run_dependencies/gazebo_ros2_control
[3.486s] -- Up-to-date symlink: /home/eid/ws_gazebo/src/install/gazebo_ros2_control/share/ament_index/resource_index/parent_prefix_path/gazebo_ros2_control
[3.486s] -- Up-to-date symlink: /home/eid/ws_gazebo/src/install/gazebo_ros2_control/share/gazebo_ros2_control/environment/ament_prefix_path.sh
[3.486s] -- Up-to-date symlink: /home/eid/ws_gazebo/src/install/gazebo_ros2_control/share/gazebo_ros2_control/environment/ament_prefix_path.dsv
[3.486s] -- Up-to-date symlink: /home/eid/ws_gazebo/src/install/gazebo_ros2_control/share/gazebo_ros2_control/environment/path.sh
[3.487s] -- Up-to-date symlink: /home/eid/ws_gazebo/src/install/gazebo_ros2_control/share/gazebo_ros2_control/environment/path.dsv
[3.487s] -- Up-to-date symlink: /home/eid/ws_gazebo/src/install/gazebo_ros2_control/share/gazebo_ros2_control/local_setup.bash
[3.487s] -- Up-to-date symlink: /home/eid/ws_gazebo/src/install/gazebo_ros2_control/share/gazebo_ros2_control/local_setup.sh
[3.487s] -- Up-to-date symlink: /home/eid/ws_gazebo/src/install/gazebo_ros2_control/share/gazebo_ros2_control/local_setup.zsh
[3.487s] -- Up-to-date symlink: /home/eid/ws_gazebo/src/install/gazebo_ros2_control/share/gazebo_ros2_control/local_setup.dsv
[3.487s] -- Symlinking: /home/eid/ws_gazebo/src/install/gazebo_ros2_control/share/gazebo_ros2_control/package.dsv
[3.496s] -- Up-to-date symlink: /home/eid/ws_gazebo/src/install/gazebo_ros2_control/share/ament_index/resource_index/packages/gazebo_ros2_control
[3.496s] -- Up-to-date symlink: /home/eid/ws_gazebo/src/install/gazebo_ros2_control/share/ament_index/resource_index/gazebo_ros2_control__pluginlib__plugin/gazebo_ros2_control
[3.496s] -- Up-to-date symlink: /home/eid/ws_gazebo/src/install/gazebo_ros2_control/share/gazebo_ros2_control/cmake/ament_cmake_export_include_directories-extras.cmake
[3.496s] -- Up-to-date symlink: /home/eid/ws_gazebo/src/install/gazebo_ros2_control/share/gazebo_ros2_control/cmake/ament_cmake_export_dependencies-extras.cmake
[3.496s] -- Up-to-date symlink: /home/eid/ws_gazebo/src/install/gazebo_ros2_control/share/gazebo_ros2_control/cmake/ament_cmake_export_libraries-extras.cmake
[3.496s] -- Up-to-date symlink: /home/eid/ws_gazebo/src/install/gazebo_ros2_control/share/gazebo_ros2_control/cmake/gazebo_ros2_controlConfig.cmake
[3.496s] -- Up-to-date symlink: /home/eid/ws_gazebo/src/install/gazebo_ros2_control/share/gazebo_ros2_control/cmake/gazebo_ros2_controlConfig-version.cmake
[3.496s] -- Up-to-date symlink: /home/eid/ws_gazebo/src/install/gazebo_ros2_control/share/gazebo_ros2_control/package.xml
[3.499s] Invoked command in '/home/eid/ws_gazebo/src/build/gazebo_ros2_control' returned '0': CMAKE_PREFIX_PATH=${CMAKE_PREFIX_PATH}:/home/eid/ws_gazebo/src/install/serial_motor_demo:/opt/ros/humble /usr/bin/cmake --install /home/eid/ws_gazebo/src/build/gazebo_ros2_control
