[0.019s] Invoking command in '/home/eid/ws_gazebo/src/build/nixbot': CMAKE_PREFIX_PATH=${CMAKE_PREFIX_PATH}:/home/eid/ws_gazebo/src/install/serial_motor_demo:/opt/ros/humble /usr/bin/cmake /home/eid/ws_gazebo/src/nixbot -DAMENT_CMAKE_SYMLINK_INSTALL=1 -DCMAKE_INSTALL_PREFIX=/home/eid/ws_gazebo/src/install/nixbot
[0.038s] -- Found ament_cmake: 1.3.8 (/opt/ros/humble/share/ament_cmake/cmake)
[0.223s] -- Override CMake install command with custom implementation using symlinks instead of copying resources
[0.235s] -- Found ament_lint_auto: 0.12.10 (/opt/ros/humble/share/ament_lint_auto/cmake)
[0.342s] -- Added test 'cppcheck' to perform static code analysis on C / C++ code
[0.342s] -- Configured cppcheck include dirs: 
[0.343s] -- Configured cppcheck exclude dirs and/or files: 
[0.344s] -- Added test 'flake8' to check Python code syntax and style conventions
[0.348s] -- Added test 'lint_cmake' to check CMake code style
[0.350s] -- Added test 'pep257' to check Python code against some of the docstring style conventions in PEP 257
[0.362s] -- Added test 'uncrustify' to check C / C++ code style
[0.362s] -- Configured uncrustify additional arguments: 
[0.364s] -- Added test 'xmllint' to check XML markup files
[0.366s] -- Configuring done
[0.372s] -- Generating done
[0.373s] -- Build files have been written to: /home/eid/ws_gazebo/src/build/nixbot
[0.376s] Invoked command in '/home/eid/ws_gazebo/src/build/nixbot' returned '0': CMAKE_PREFIX_PATH=${CMAKE_PREFIX_PATH}:/home/eid/ws_gazebo/src/install/serial_motor_demo:/opt/ros/humble /usr/bin/cmake /home/eid/ws_gazebo/src/nixbot -DAMENT_CMAKE_SYMLINK_INSTALL=1 -DCMAKE_INSTALL_PREFIX=/home/eid/ws_gazebo/src/install/nixbot
[0.379s] Invoking command in '/home/eid/ws_gazebo/src/build/nixbot': CMAKE_PREFIX_PATH=${CMAKE_PREFIX_PATH}:/home/eid/ws_gazebo/src/install/serial_motor_demo:/opt/ros/humble /usr/bin/cmake --build /home/eid/ws_gazebo/src/build/nixbot -- -j8 -l8
[0.413s] Invoked command in '/home/eid/ws_gazebo/src/build/nixbot' returned '0': CMAKE_PREFIX_PATH=${CMAKE_PREFIX_PATH}:/home/eid/ws_gazebo/src/install/serial_motor_demo:/opt/ros/humble /usr/bin/cmake --build /home/eid/ws_gazebo/src/build/nixbot -- -j8 -l8
[0.446s] Invoking command in '/home/eid/ws_gazebo/src/build/nixbot': CMAKE_PREFIX_PATH=${CMAKE_PREFIX_PATH}:/home/eid/ws_gazebo/src/install/serial_motor_demo:/opt/ros/humble /usr/bin/cmake --install /home/eid/ws_gazebo/src/build/nixbot
[0.453s] -- Install configuration: ""
[0.453s] -- Execute custom install script
[0.454s] -- Up-to-date symlink: /home/eid/ws_gazebo/src/install/nixbot/share/nixbot//launch/display.launch.py
[0.454s] -- Up-to-date symlink: /home/eid/ws_gazebo/src/install/nixbot/share/nixbot//launch/frames_2024-03-03_21.54.33.gv
[0.454s] -- Up-to-date symlink: /home/eid/ws_gazebo/src/install/nixbot/share/nixbot//launch/frames_2024-03-03_21.54.33.pdf
[0.454s] -- Up-to-date symlink: /home/eid/ws_gazebo/src/install/nixbot/share/nixbot//launch/frames_2024-03-03_21.55.09.gv
[0.454s] -- Up-to-date symlink: /home/eid/ws_gazebo/src/install/nixbot/share/nixbot//launch/frames_2024-03-03_21.55.09.pdf
[0.454s] -- Up-to-date symlink: /home/eid/ws_gazebo/src/install/nixbot/share/nixbot//launch/gazebo_model.launch.py
[0.455s] -- Up-to-date symlink: /home/eid/ws_gazebo/src/install/nixbot/share/nixbot//launch/launch_robot.launch.py
[0.455s] -- Up-to-date symlink: /home/eid/ws_gazebo/src/install/nixbot/share/nixbot//launch/localization_launch.py
[0.455s] -- Up-to-date symlink: /home/eid/ws_gazebo/src/install/nixbot/share/nixbot//launch/mapping.launch.py
[0.455s] -- Up-to-date symlink: /home/eid/ws_gazebo/src/install/nixbot/share/nixbot//launch/navigation2_launch.py
[0.455s] -- Up-to-date symlink: /home/eid/ws_gazebo/src/install/nixbot/share/nixbot//launch/rsp.launch.py
[0.455s] -- Up-to-date symlink: /home/eid/ws_gazebo/src/install/nixbot/share/nixbot//launch/rviz.launch.py
[0.455s] -- Up-to-date symlink: /home/eid/ws_gazebo/src/install/nixbot/share/nixbot//launch/world.launch
[0.456s] -- Up-to-date symlink: /home/eid/ws_gazebo/src/install/nixbot/share/nixbot//model/rob.urdf
[0.456s] -- Up-to-date symlink: /home/eid/ws_gazebo/src/install/nixbot/share/nixbot//model/robot_core.xacro
[0.456s] -- Up-to-date symlink: /home/eid/ws_gazebo/src/install/nixbot/share/nixbot//model/ros2_control.xacro
[0.456s] -- Up-to-date symlink: /home/eid/ws_gazebo/src/install/nixbot/share/nixbot//rviz/config.rviz
[0.457s] -- Up-to-date symlink: /home/eid/ws_gazebo/src/install/nixbot/share/ament_index/resource_index/package_run_dependencies/nixbot
[0.457s] -- Up-to-date symlink: /home/eid/ws_gazebo/src/install/nixbot/share/ament_index/resource_index/parent_prefix_path/nixbot
[0.457s] -- Up-to-date symlink: /home/eid/ws_gazebo/src/install/nixbot/share/nixbot/environment/ament_prefix_path.sh
[0.457s] -- Up-to-date symlink: /home/eid/ws_gazebo/src/install/nixbot/share/nixbot/environment/ament_prefix_path.dsv
[0.457s] -- Up-to-date symlink: /home/eid/ws_gazebo/src/install/nixbot/share/nixbot/environment/path.sh
[0.458s] -- Up-to-date symlink: /home/eid/ws_gazebo/src/install/nixbot/share/nixbot/environment/path.dsv
[0.458s] -- Up-to-date symlink: /home/eid/ws_gazebo/src/install/nixbot/share/nixbot/local_setup.bash
[0.458s] -- Up-to-date symlink: /home/eid/ws_gazebo/src/install/nixbot/share/nixbot/local_setup.sh
[0.458s] -- Up-to-date symlink: /home/eid/ws_gazebo/src/install/nixbot/share/nixbot/local_setup.zsh
[0.458s] -- Up-to-date symlink: /home/eid/ws_gazebo/src/install/nixbot/share/nixbot/local_setup.dsv
[0.459s] -- Symlinking: /home/eid/ws_gazebo/src/install/nixbot/share/nixbot/package.dsv
[0.467s] -- Up-to-date symlink: /home/eid/ws_gazebo/src/install/nixbot/share/ament_index/resource_index/packages/nixbot
[0.468s] -- Up-to-date symlink: /home/eid/ws_gazebo/src/install/nixbot/share/nixbot/cmake/nixbotConfig.cmake
[0.468s] -- Up-to-date symlink: /home/eid/ws_gazebo/src/install/nixbot/share/nixbot/cmake/nixbotConfig-version.cmake
[0.468s] -- Up-to-date symlink: /home/eid/ws_gazebo/src/install/nixbot/share/nixbot/package.xml
[0.470s] Invoked command in '/home/eid/ws_gazebo/src/build/nixbot' returned '0': CMAKE_PREFIX_PATH=${CMAKE_PREFIX_PATH}:/home/eid/ws_gazebo/src/install/serial_motor_demo:/opt/ros/humble /usr/bin/cmake --install /home/eid/ws_gazebo/src/build/nixbot
