[0.032s] Invoking command in '/home/eid/ws_gazebo/src/build/serial': CMAKE_PREFIX_PATH=${CMAKE_PREFIX_PATH}:/home/eid/ws_gazebo/src/install/serial_motor_demo:/opt/ros/humble /usr/bin/cmake --build /home/eid/ws_gazebo/src/build/serial -- -j8 -l8
[0.132s] [ 28%] Built target serial
[0.145s] [ 42%] Built target gtest
[0.146s] [ 57%] Built target gtest_main
[0.187s] [ 71%] Built target serial_example
[0.188s] [ 85%] Built target serial-test
[0.189s] [100%] Built target serial-test-timer
[0.231s] Invoked command in '/home/eid/ws_gazebo/src/build/serial' returned '0': CMAKE_PREFIX_PATH=${CMAKE_PREFIX_PATH}:/home/eid/ws_gazebo/src/install/serial_motor_demo:/opt/ros/humble /usr/bin/cmake --build /home/eid/ws_gazebo/src/build/serial -- -j8 -l8
[0.323s] Invoking command in '/home/eid/ws_gazebo/src/build/serial': CMAKE_PREFIX_PATH=${CMAKE_PREFIX_PATH}:/home/eid/ws_gazebo/src/install/serial_motor_demo:/opt/ros/humble /usr/bin/cmake --install /home/eid/ws_gazebo/src/build/serial
[0.329s] -- Install configuration: ""
[0.331s] -- Execute custom install script
[0.331s] -- Up-to-date symlink: /home/eid/ws_gazebo/src/install/serial/lib/libserial.a
[0.331s] -- Up-to-date symlink: /home/eid/ws_gazebo/src/install/serial/include/serial/serial.h
[0.332s] -- Up-to-date symlink: /home/eid/ws_gazebo/src/install/serial/include/serial/v8stdint.h
[0.332s] -- Up-to-date symlink: /home/eid/ws_gazebo/src/install/serial/share/serial/environment/library_path.sh
[0.332s] -- Up-to-date symlink: /home/eid/ws_gazebo/src/install/serial/share/serial/environment/library_path.dsv
[0.333s] -- Up-to-date symlink: /home/eid/ws_gazebo/src/install/serial/share/ament_index/resource_index/package_run_dependencies/serial
[0.333s] -- Up-to-date symlink: /home/eid/ws_gazebo/src/install/serial/share/ament_index/resource_index/parent_prefix_path/serial
[0.335s] -- Up-to-date symlink: /home/eid/ws_gazebo/src/install/serial/share/serial/environment/ament_prefix_path.sh
[0.335s] -- Up-to-date symlink: /home/eid/ws_gazebo/src/install/serial/share/serial/environment/ament_prefix_path.dsv
[0.335s] -- Up-to-date symlink: /home/eid/ws_gazebo/src/install/serial/share/serial/environment/path.sh
[0.335s] -- Up-to-date symlink: /home/eid/ws_gazebo/src/install/serial/share/serial/environment/path.dsv
[0.336s] -- Up-to-date symlink: /home/eid/ws_gazebo/src/install/serial/share/serial/local_setup.bash
[0.337s] -- Up-to-date symlink: /home/eid/ws_gazebo/src/install/serial/share/serial/local_setup.sh
[0.337s] -- Up-to-date symlink: /home/eid/ws_gazebo/src/install/serial/share/serial/local_setup.zsh
[0.337s] -- Up-to-date symlink: /home/eid/ws_gazebo/src/install/serial/share/serial/local_setup.dsv
[0.337s] -- Symlinking: /home/eid/ws_gazebo/src/install/serial/share/serial/package.dsv
[0.348s] -- Up-to-date symlink: /home/eid/ws_gazebo/src/install/serial/share/ament_index/resource_index/packages/serial
[0.348s] -- Up-to-date symlink: /home/eid/ws_gazebo/src/install/serial/share/serial/cmake/ament_cmake_export_include_directories-extras.cmake
[0.348s] -- Up-to-date symlink: /home/eid/ws_gazebo/src/install/serial/share/serial/cmake/ament_cmake_export_libraries-extras.cmake
[0.348s] -- Up-to-date symlink: /home/eid/ws_gazebo/src/install/serial/share/serial/cmake/serialConfig.cmake
[0.349s] -- Up-to-date symlink: /home/eid/ws_gazebo/src/install/serial/share/serial/cmake/serialConfig-version.cmake
[0.349s] -- Up-to-date symlink: /home/eid/ws_gazebo/src/install/serial/share/serial/package.xml
[0.361s] Invoked command in '/home/eid/ws_gazebo/src/build/serial' returned '0': CMAKE_PREFIX_PATH=${CMAKE_PREFIX_PATH}:/home/eid/ws_gazebo/src/install/serial_motor_demo:/opt/ros/humble /usr/bin/cmake --install /home/eid/ws_gazebo/src/build/serial
