[0.029s] Invoking command in '/home/eid/ws_gazebo/src/build/gazebo_ros2_control': CMAKE_PREFIX_PATH=/opt/ros/humble /usr/bin/cmake /home/eid/ws_gazebo/src/gazebo_ros2_control/gazebo_ros2_control -DCMAKE_INSTALL_PREFIX=/home/eid/ws_gazebo/src/install/gazebo_ros2_control
[0.121s] -- Found ament_cmake: 1.3.8 (/opt/ros/humble/share/ament_cmake/cmake)
[0.320s] -- Override CMake install command with custom implementation using symlinks instead of copying resources
[0.332s] -- Found angles: 1.15.0 (/opt/ros/humble/share/angles/cmake)
[0.336s] -- Found controller_manager: 2.40.0 (/opt/ros/humble/share/controller_manager/cmake)
[0.371s] -- Found rosidl_generator_c: 3.1.5 (/opt/ros/humble/share/rosidl_generator_c/cmake)
[0.375s] -- Found rosidl_adapter: 3.1.5 (/opt/ros/humble/share/rosidl_adapter/cmake)
[0.392s] -- Found rosidl_generator_cpp: 3.1.5 (/opt/ros/humble/share/rosidl_generator_cpp/cmake)
[0.411s] -- Using all available rosidl_typesupport_c: rosidl_typesupport_fastrtps_c;rosidl_typesupport_introspection_c
[0.434s] -- Using all available rosidl_typesupport_cpp: rosidl_typesupport_fastrtps_cpp;rosidl_typesupport_introspection_cpp
[1.254s] -- Found rmw_implementation_cmake: 6.1.1 (/opt/ros/humble/share/rmw_implementation_cmake/cmake)
[1.255s] -- Found rmw_fastrtps_cpp: 6.2.6 (/opt/ros/humble/share/rmw_fastrtps_cpp/cmake)
[1.288s] -- Found TinyXML2 via Config file: TinyXML2_DIR-NOTFOUND
[1.297s] -- Found TinyXML2 via Config file: TinyXML2_DIR-NOTFOUND
[1.327s] -- Found TinyXML2 via Config file: TinyXML2_DIR-NOTFOUND
[1.339s] -- Found TinyXML2 via Config file: TinyXML2_DIR-NOTFOUND
[1.359s] -- Using RMW implementation 'rmw_fastrtps_cpp' as default
[2.105s] -- Found gazebo_dev: 3.7.0 (/opt/ros/humble/share/gazebo_dev/cmake)
[2.150s] -- Found DART: /usr/include (Required is at least version "6.6") found components: dart 
[2.189s] -- Found Protobuf: /usr/lib/x86_64-linux-gnu/libprotobuf.so (found version "3.12.4") 
[2.192s] -- Looking for ignition-math6 -- found version 6.15.1
[2.200s] -- Searching for dependencies of ignition-math6
[2.208s] -- Looking for OGRE...
[2.214s] -- Found Ogre Ghadamon (1.9.0)
[2.215s] -- Found OGRE: optimized;/usr/lib/x86_64-linux-gnu/libOgreMain.so;debug;/usr/lib/x86_64-linux-gnu/libOgreMain.so
[2.225s] -- Looking for OGRE_Paging...
[2.225s] -- Found OGRE_Paging: optimized;/usr/lib/x86_64-linux-gnu/libOgrePaging.so;debug;/usr/lib/x86_64-linux-gnu/libOgrePaging.so
[2.225s] -- Looking for OGRE_Terrain...
[2.226s] -- Found OGRE_Terrain: optimized;/usr/lib/x86_64-linux-gnu/libOgreTerrain.so;debug;/usr/lib/x86_64-linux-gnu/libOgreTerrain.so
[2.226s] -- Looking for OGRE_Property...
[2.226s] -- Found OGRE_Property: optimized;/usr/lib/x86_64-linux-gnu/libOgreProperty.so;debug;/usr/lib/x86_64-linux-gnu/libOgreProperty.so
[2.226s] -- Looking for OGRE_RTShaderSystem...
[2.226s] -- Found OGRE_RTShaderSystem: optimized;/usr/lib/x86_64-linux-gnu/libOgreRTShaderSystem.so;debug;/usr/lib/x86_64-linux-gnu/libOgreRTShaderSystem.so
[2.226s] -- Looking for OGRE_Volume...
[2.226s] -- Found OGRE_Volume: optimized;/usr/lib/x86_64-linux-gnu/libOgreVolume.so;debug;/usr/lib/x86_64-linux-gnu/libOgreVolume.so
[2.226s] -- Looking for OGRE_Overlay...
[2.227s] -- Found OGRE_Overlay: optimized;/usr/lib/x86_64-linux-gnu/libOgreOverlay.so;debug;/usr/lib/x86_64-linux-gnu/libOgreOverlay.so
[2.352s] -- Looking for ignition-math6 -- found version 6.15.1
[2.353s] -- Looking for ignition-transport8 -- found version 8.2.1
[2.354s] -- Searching for dependencies of ignition-transport8
[2.375s] -- Found Protobuf: /usr/lib/x86_64-linux-gnu/libprotobuf.so (found suitable version "3.12.4", minimum required is "3") 
[2.388s] -- Config-file not installed for ZeroMQ -- checking for pkg-config
[2.393s] -- Checking for module 'libzmq >= 4'
[2.409s] --   Found libzmq , version 4.3.4
[2.448s] -- Checking for module 'uuid'
[2.459s] --   Found uuid, version 2.37.2
[2.487s] -- Looking for ignition-msgs5 -- found version 5.8.1
[2.488s] -- Searching for dependencies of ignition-msgs5
[2.507s] -- Looking for ignition-math6 -- found version 6.15.1
[2.514s] -- Looking for ignition-msgs5 -- found version 5.8.1
[2.515s] -- Looking for ignition-common3 -- found version 3.14.0
[2.515s] -- Searching for dependencies of ignition-common3
[2.516s] -- Looking for dlfcn.h - found
[2.516s] -- Looking for libdl - found
[2.527s] -- Searching for <ignition-common3> component [graphics]
[2.528s] -- Looking for ignition-common3-graphics -- found version 3.14.0
[2.528s] -- Searching for dependencies of ignition-common3-graphics
[2.529s] -- Looking for ignition-math6 -- found version 6.15.1
[2.531s] -- Looking for ignition-fuel_tools4 -- found version 4.4.0
[2.531s] -- Searching for dependencies of ignition-fuel_tools4
[2.570s] -- Checking for module 'jsoncpp'
[2.582s] --   Found jsoncpp, version 1.9.5
[2.617s] -- Checking for module 'libzip'
[2.629s] --   Found libzip, version 1.7.3
[2.658s] -- Looking for ignition-common3 -- found version 3.14.0
[2.659s] -- Looking for ignition-math6 -- found version 6.15.1
[2.659s] -- Looking for ignition-msgs5 -- found version 5.8.1
[2.667s] -- Gazebo version: 11.10
[2.668s] -- Found gazebo_ros: 3.7.0 (/opt/ros/humble/share/gazebo_ros/cmake)
[2.678s] -- Found yaml_cpp_vendor: 8.0.2 (/opt/ros/humble/share/yaml_cpp_vendor/cmake)
[3.347s] -- Found ament_cmake_gtest: 1.3.8 (/opt/ros/humble/share/ament_cmake_gtest/cmake)
[3.348s] -- Found ament_lint_auto: 0.12.10 (/opt/ros/humble/share/ament_lint_auto/cmake)
[3.420s] -- Added test 'copyright' to check source files copyright and LICENSE
[3.421s] -- Added test 'cppcheck' to perform static code analysis on C / C++ code
[3.422s] -- Configured cppcheck include dirs: /home/eid/ws_gazebo/src/gazebo_ros2_control/gazebo_ros2_control/include
[3.422s] -- Configured cppcheck exclude dirs and/or files: 
[3.423s] -- Added test 'cpplint' to check C / C++ code against the Google style
[3.423s] -- Configured cpplint exclude dirs and/or files: 
[3.423s] -- Added test 'lint_cmake' to check CMake code style
[3.424s] -- Added test 'uncrustify' to check C / C++ code style
[3.424s] -- Configured uncrustify additional arguments: 
[3.425s] -- Added test 'xmllint' to check XML markup files
[3.426s] -- Configuring done
[3.554s] -- Generating done
[3.557s] -- Build files have been written to: /home/eid/ws_gazebo/src/build/gazebo_ros2_control
[3.571s] Invoked command in '/home/eid/ws_gazebo/src/build/gazebo_ros2_control' returned '0': CMAKE_PREFIX_PATH=/opt/ros/humble /usr/bin/cmake /home/eid/ws_gazebo/src/gazebo_ros2_control/gazebo_ros2_control -DCMAKE_INSTALL_PREFIX=/home/eid/ws_gazebo/src/install/gazebo_ros2_control
[3.573s] Invoking command in '/home/eid/ws_gazebo/src/build/gazebo_ros2_control': CMAKE_PREFIX_PATH=/opt/ros/humble /usr/bin/cmake --build /home/eid/ws_gazebo/src/build/gazebo_ros2_control -- -j8 -l8
[3.620s] [35m[1mConsolidate compiler generated dependencies of target gazebo_hardware_plugins[0m
[3.620s] [35m[1mConsolidate compiler generated dependencies of target gazebo_ros2_control[0m
[3.656s] [ 50%] Built target gazebo_hardware_plugins
[3.659s] [100%] Built target gazebo_ros2_control
[3.669s] Invoked command in '/home/eid/ws_gazebo/src/build/gazebo_ros2_control' returned '0': CMAKE_PREFIX_PATH=/opt/ros/humble /usr/bin/cmake --build /home/eid/ws_gazebo/src/build/gazebo_ros2_control -- -j8 -l8
[3.697s] Invoking command in '/home/eid/ws_gazebo/src/build/gazebo_ros2_control': CMAKE_PREFIX_PATH=/opt/ros/humble /usr/bin/cmake --install /home/eid/ws_gazebo/src/build/gazebo_ros2_control
[3.704s] -- Install configuration: ""
[3.704s] -- Execute custom install script
[3.704s] -- Up-to-date symlink: /home/eid/ws_gazebo/src/install/gazebo_ros2_control/lib/libgazebo_ros2_control.so
[3.705s] -- Up-to-date symlink: /home/eid/ws_gazebo/src/install/gazebo_ros2_control/lib/libgazebo_hardware_plugins.so
[3.705s] -- Up-to-date symlink: /home/eid/ws_gazebo/src/install/gazebo_ros2_control/share/gazebo_ros2_control/environment/library_path.sh
[3.705s] -- Up-to-date symlink: /home/eid/ws_gazebo/src/install/gazebo_ros2_control/share/gazebo_ros2_control/environment/library_path.dsv
[3.705s] -- Up-to-date symlink: /home/eid/ws_gazebo/src/install/gazebo_ros2_control/include/gazebo_ros2_control/gazebo_ros2_control_plugin.hpp
[3.706s] -- Up-to-date symlink: /home/eid/ws_gazebo/src/install/gazebo_ros2_control/include/gazebo_ros2_control/gazebo_system.hpp
[3.706s] -- Up-to-date symlink: /home/eid/ws_gazebo/src/install/gazebo_ros2_control/include/gazebo_ros2_control/gazebo_system_interface.hpp
[3.706s] -- Up-to-date symlink: /home/eid/ws_gazebo/src/install/gazebo_ros2_control/share/gazebo_ros2_control//gazebo_hardware_plugins.xml
[3.706s] -- Up-to-date symlink: /home/eid/ws_gazebo/src/install/gazebo_ros2_control/share/ament_index/resource_index/package_run_dependencies/gazebo_ros2_control
[3.706s] -- Up-to-date symlink: /home/eid/ws_gazebo/src/install/gazebo_ros2_control/share/ament_index/resource_index/parent_prefix_path/gazebo_ros2_control
[3.706s] -- Up-to-date symlink: /home/eid/ws_gazebo/src/install/gazebo_ros2_control/share/gazebo_ros2_control/environment/ament_prefix_path.sh
[3.706s] -- Up-to-date symlink: /home/eid/ws_gazebo/src/install/gazebo_ros2_control/share/gazebo_ros2_control/environment/ament_prefix_path.dsv
[3.706s] -- Up-to-date symlink: /home/eid/ws_gazebo/src/install/gazebo_ros2_control/share/gazebo_ros2_control/environment/path.sh
[3.707s] -- Up-to-date symlink: /home/eid/ws_gazebo/src/install/gazebo_ros2_control/share/gazebo_ros2_control/environment/path.dsv
[3.707s] -- Up-to-date symlink: /home/eid/ws_gazebo/src/install/gazebo_ros2_control/share/gazebo_ros2_control/local_setup.bash
[3.707s] -- Up-to-date symlink: /home/eid/ws_gazebo/src/install/gazebo_ros2_control/share/gazebo_ros2_control/local_setup.sh
[3.707s] -- Up-to-date symlink: /home/eid/ws_gazebo/src/install/gazebo_ros2_control/share/gazebo_ros2_control/local_setup.zsh
[3.707s] -- Up-to-date symlink: /home/eid/ws_gazebo/src/install/gazebo_ros2_control/share/gazebo_ros2_control/local_setup.dsv
[3.707s] -- Symlinking: /home/eid/ws_gazebo/src/install/gazebo_ros2_control/share/gazebo_ros2_control/package.dsv
[3.715s] -- Up-to-date symlink: /home/eid/ws_gazebo/src/install/gazebo_ros2_control/share/ament_index/resource_index/packages/gazebo_ros2_control
[3.715s] -- Up-to-date symlink: /home/eid/ws_gazebo/src/install/gazebo_ros2_control/share/ament_index/resource_index/gazebo_ros2_control__pluginlib__plugin/gazebo_ros2_control
[3.716s] -- Up-to-date symlink: /home/eid/ws_gazebo/src/install/gazebo_ros2_control/share/gazebo_ros2_control/cmake/ament_cmake_export_include_directories-extras.cmake
[3.716s] -- Up-to-date symlink: /home/eid/ws_gazebo/src/install/gazebo_ros2_control/share/gazebo_ros2_control/cmake/ament_cmake_export_dependencies-extras.cmake
[3.716s] -- Up-to-date symlink: /home/eid/ws_gazebo/src/install/gazebo_ros2_control/share/gazebo_ros2_control/cmake/ament_cmake_export_libraries-extras.cmake
[3.716s] -- Up-to-date symlink: /home/eid/ws_gazebo/src/install/gazebo_ros2_control/share/gazebo_ros2_control/cmake/gazebo_ros2_controlConfig.cmake
[3.716s] -- Up-to-date symlink: /home/eid/ws_gazebo/src/install/gazebo_ros2_control/share/gazebo_ros2_control/cmake/gazebo_ros2_controlConfig-version.cmake
[3.716s] -- Up-to-date symlink: /home/eid/ws_gazebo/src/install/gazebo_ros2_control/share/gazebo_ros2_control/package.xml
[3.719s] Invoked command in '/home/eid/ws_gazebo/src/build/gazebo_ros2_control' returned '0': CMAKE_PREFIX_PATH=/opt/ros/humble /usr/bin/cmake --install /home/eid/ws_gazebo/src/build/gazebo_ros2_control
